[06-Nov-2025 17:55:50 UTC] PHP Fatal error:  Uncaught Error: Undefined constant "DB_HOST" in C:\xampp2\htdocs\dragonstone\includes\database.php:10
Stack trace:
#0 C:\xampp2\htdocs\dragonstone\register.php(31): getDatabaseConnection()
#1 {main}
  thrown in C:\xampp2\htdocs\dragonstone\includes\database.php on line 10
[06-Nov-2025 17:56:39 UTC] PHP Fatal error:  Uncaught Error: Undefined constant "DB_HOST" in C:\xampp2\htdocs\dragonstone\includes\database.php:10
Stack trace:
#0 C:\xampp2\htdocs\dragonstone\register.php(31): getDatabaseConnection()
#1 {main}
  thrown in C:\xampp2\htdocs\dragonstone\includes\database.php on line 10
[06-Nov-2025 18:21:24 UTC] PHP Fatal error:  Uncaught Error: Undefined constant "DB_HOST" in C:\xampp2\htdocs\dragonstone\includes\database.php:10
Stack trace:
#0 C:\xampp2\htdocs\dragonstone\includes\database.php(83): getDatabaseConnection()
#1 {main}
  thrown in C:\xampp2\htdocs\dragonstone\includes\database.php on line 10
[06-Nov-2025 18:21:55 UTC] PHP Fatal error:  Uncaught Error: Undefined constant "DB_HOST" in C:\xampp2\htdocs\dragonstone\includes\database.php:10
Stack trace:
#0 C:\xampp2\htdocs\dragonstone\register.php(32): getDatabaseConnection()
#1 {main}
  thrown in C:\xampp2\htdocs\dragonstone\includes\database.php on line 10
[06-Nov-2025 18:22:01 UTC] PHP Fatal error:  Uncaught Error: Undefined constant "DB_HOST" in C:\xampp2\htdocs\dragonstone\includes\database.php:10
Stack trace:
#0 C:\xampp2\htdocs\dragonstone\register.php(32): getDatabaseConnection()
#1 {main}
  thrown in C:\xampp2\htdocs\dragonstone\includes\database.php on line 10
[06-Nov-2025 18:22:06 UTC] PHP Fatal error:  Uncaught Error: Undefined constant "DB_HOST" in C:\xampp2\htdocs\dragonstone\includes\database.php:10
Stack trace:
#0 C:\xampp2\htdocs\dragonstone\register.php(32): getDatabaseConnection()
#1 {main}
  thrown in C:\xampp2\htdocs\dragonstone\includes\database.php on line 10
[06-Nov-2025 18:22:49 UTC] PHP Fatal error:  Uncaught Error: Undefined constant "DB_HOST" in C:\xampp2\htdocs\dragonstone\includes\database.php:10
Stack trace:
#0 C:\xampp2\htdocs\dragonstone\register.php(32): getDatabaseConnection()
#1 {main}
  thrown in C:\xampp2\htdocs\dragonstone\includes\database.php on line 10
[06-Nov-2025 18:23:44 UTC] PHP Fatal error:  Uncaught Error: Undefined constant "DB_HOST" in C:\xampp2\htdocs\dragonstone\includes\database.php:10
Stack trace:
#0 C:\xampp2\htdocs\dragonstone\register.php(32): getDatabaseConnection()
#1 {main}
  thrown in C:\xampp2\htdocs\dragonstone\includes\database.php on line 10
[06-Nov-2025 18:23:48 UTC] PHP Fatal error:  Uncaught Error: Undefined constant "DB_HOST" in C:\xampp2\htdocs\dragonstone\includes\database.php:10
Stack trace:
#0 C:\xampp2\htdocs\dragonstone\register.php(32): getDatabaseConnection()
#1 {main}
  thrown in C:\xampp2\htdocs\dragonstone\includes\database.php on line 10
[06-Nov-2025 18:25:47 UTC] PHP Fatal error:  Uncaught Error: Undefined constant "DB_HOST" in C:\xampp2\htdocs\dragonstone\includes\database.php:10
Stack trace:
#0 C:\xampp2\htdocs\dragonstone\includes\database.php(29): getDatabaseConnection()
#1 {main}
  thrown in C:\xampp2\htdocs\dragonstone\includes\database.php on line 10
[06-Nov-2025 18:25:57 UTC] PHP Fatal error:  Uncaught Error: Undefined constant "DB_HOST" in C:\xampp2\htdocs\dragonstone\includes\database.php:10
Stack trace:
#0 C:\xampp2\htdocs\dragonstone\includes\database.php(29): getDatabaseConnection()
#1 {main}
  thrown in C:\xampp2\htdocs\dragonstone\includes\database.php on line 10
[06-Nov-2025 18:26:03 UTC] PHP Fatal error:  Uncaught Error: Undefined constant "DB_HOST" in C:\xampp2\htdocs\dragonstone\includes\database.php:10
Stack trace:
#0 C:\xampp2\htdocs\dragonstone\includes\database.php(29): getDatabaseConnection()
#1 {main}
  thrown in C:\xampp2\htdocs\dragonstone\includes\database.php on line 10
[06-Nov-2025 18:34:18 UTC] PHP Fatal error:  Uncaught Error: Undefined constant "DB_HOST" in C:\xampp2\htdocs\dragonstone\includes\database.php:10
Stack trace:
#0 C:\xampp2\htdocs\dragonstone\register.php(36): getDatabaseConnection()
#1 {main}
  thrown in C:\xampp2\htdocs\dragonstone\includes\database.php on line 10
[06-Nov-2025 18:40:47 UTC] PHP Fatal error:  Uncaught mysqli_sql_exception: Unknown column 'verification_code' in 'field list' in C:\xampp2\htdocs\dragonstone\register.php:57
Stack trace:
#0 C:\xampp2\htdocs\dragonstone\register.php(57): mysqli->prepare('INSERT INTO use...')
#1 {main}
  thrown in C:\xampp2\htdocs\dragonstone\register.php on line 57
[06-Nov-2025 19:02:35 UTC] PHP Warning:  mail(): Failed to connect to mailserver at &quot;localhost&quot; port 25, verify your &quot;SMTP&quot; and &quot;smtp_port&quot; setting in php.ini or use ini_set() in C:\xampp2\htdocs\dragonstone\register.php on line 133
[06-Nov-2025 21:15:38 UTC] PHP Warning:  mail(C:\xampp2\php\logs\mail.log): Failed to open stream: No such file or directory in C:\xampp2\htdocs\dragonstone\test_email.php on line 18
[06-Nov-2025 21:16:10 UTC] PHP Warning:  mail(C:\xampp2\php\logs\mail.log): Failed to open stream: No such file or directory in C:\xampp2\htdocs\dragonstone\test_email.php on line 18
[07-Nov-2025 00:52:33 UTC] PHP Warning:  mail(C:\xampp2\php\logs\mail.log): Failed to open stream: No such file or directory in C:\xampp2\htdocs\dragonstone\test_email.php on line 18
[07-Nov-2025 02:26:46 UTC] PHP Fatal error:  Cannot redeclare verifyGoogleToken() (previously declared in C:\xampp2\htdocs\dragonstone\login.php:524) in C:\xampp2\htdocs\dragonstone\includes\auth.php on line 62
[07-Nov-2025 02:29:09 UTC] PHP Fatal error:  Cannot redeclare verifyGoogleToken() (previously declared in C:\xampp2\htdocs\dragonstone\login.php:524) in C:\xampp2\htdocs\dragonstone\includes\auth.php on line 62
[07-Nov-2025 02:47:50 UTC] REGISTRATION: Form submitted
[07-Nov-2025 02:48:08 UTC] REGISTRATION: Form submitted
[07-Nov-2025 02:48:08 UTC] REGISTRATION ERROR: Email already exists.
[07-Nov-2025 02:48:19 UTC] REGISTRATION: Form submitted
[07-Nov-2025 02:48:19 UTC] REGISTRATION ERROR: Email already exists.
[07-Nov-2025 02:48:31 UTC] REGISTRATION: Form submitted
[07-Nov-2025 02:50:06 UTC] REGISTRATION: Form submitted
[07-Nov-2025 02:50:07 UTC] REGISTRATION ERROR: Email already exists.
[07-Nov-2025 02:53:55 UTC] REGISTRATION: Form submitted
[07-Nov-2025 02:54:02 UTC] REGISTRATION: Form submitted
[07-Nov-2025 02:54:02 UTC] REGISTRATION ERROR: Email already exists.
[07-Nov-2025 02:54:10 UTC] REGISTRATION: Form submitted
[07-Nov-2025 02:59:52 UTC] REGISTRATION: Form submitted
[07-Nov-2025 03:07:42 UTC] REGISTRATION: Form submitted
[07-Nov-2025 03:09:23 UTC] PHP Fatal error:  Cannot redeclare verifyGoogleToken() (previously declared in C:\xampp2\htdocs\dragonstone\login.php:524) in C:\xampp2\htdocs\dragonstone\includes\auth.php on line 62
[07-Nov-2025 03:22:09 UTC] PHP Fatal error:  Cannot redeclare verifyGoogleToken() (previously declared in C:\xampp2\htdocs\dragonstone\login.php:524) in C:\xampp2\htdocs\dragonstone\includes\auth.php on line 62
[07-Nov-2025 03:23:25 UTC] PHP Fatal error:  Cannot redeclare verifyGoogleToken() (previously declared in C:\xampp2\htdocs\dragonstone\login.php:524) in C:\xampp2\htdocs\dragonstone\includes\auth.php on line 62
[07-Nov-2025 03:51:59 UTC] Google Sign-In Attempt - HTTP Code: 200, Error: 
[07-Nov-2025 03:51:59 UTC] Google Sign-In SUCCESS for: immanahmakitla@gmail.com
[07-Nov-2025 12:23:24 UTC] PHP Fatal error:  Cannot redeclare isLoggedIn() (previously declared in C:\xampp2\htdocs\dragonstone\includes\auth.php:11) in C:\xampp2\htdocs\dragonstone\includes\header.php on line 8
[07-Nov-2025 12:25:14 UTC] PHP Fatal error:  Cannot redeclare isLoggedIn() (previously declared in C:\xampp2\htdocs\dragonstone\includes\auth.php:11) in C:\xampp2\htdocs\dragonstone\includes\header.php on line 8
[07-Nov-2025 12:25:33 UTC] PHP Fatal error:  Cannot redeclare isLoggedIn() (previously declared in C:\xampp2\htdocs\dragonstone\includes\auth.php:11) in C:\xampp2\htdocs\dragonstone\includes\header.php on line 8
[07-Nov-2025 12:25:42 UTC] PHP Fatal error:  Cannot redeclare isLoggedIn() (previously declared in C:\xampp2\htdocs\dragonstone\includes\auth.php:11) in C:\xampp2\htdocs\dragonstone\includes\header.php on line 8
[07-Nov-2025 12:28:45 UTC] PHP Fatal error:  Cannot redeclare isLoggedIn() (previously declared in C:\xampp2\htdocs\dragonstone\includes\auth.php:11) in C:\xampp2\htdocs\dragonstone\includes\header.php on line 8
[07-Nov-2025 12:42:36 UTC] Google Sign-In Attempt - HTTP Code: 200, Error: 
[07-Nov-2025 12:42:36 UTC] Google Sign-In SUCCESS for: immanahmakitla@gmail.com
[07-Nov-2025 14:39:31 UTC] PHP Warning:  Undefined array key "action" in C:\xampp2\htdocs\dragonstone\admin\productmanagement.php on line 10
[07-Nov-2025 14:40:34 UTC] PHP Warning:  Undefined array key "action" in C:\xampp2\htdocs\dragonstone\admin\productmanagement.php on line 10
[07-Nov-2025 14:40:37 UTC] PHP Warning:  Undefined array key "action" in C:\xampp2\htdocs\dragonstone\admin\usermanagement.php on line 10
[07-Nov-2025 15:09:04 UTC] PHP Warning:  Undefined array key "action" in C:\xampp2\htdocs\dragonstone\admin\usermanagement.php on line 10
[07-Nov-2025 15:15:32 UTC] PHP Fatal error:  Uncaught mysqli_sql_exception: Table 'dragonstone_db.user_sessions' doesn't exist in C:\xampp2\htdocs\dragonstone\admin\usermanagement.php:126
Stack trace:
#0 C:\xampp2\htdocs\dragonstone\admin\usermanagement.php(126): mysqli->query('SELECT u.*, \r\n ...')
#1 {main}
  thrown in C:\xampp2\htdocs\dragonstone\admin\usermanagement.php on line 126
[07-Nov-2025 15:15:53 UTC] PHP Warning:  Undefined array key "action" in C:\xampp2\htdocs\dragonstone\admin\productmanagement.php on line 10
[07-Nov-2025 15:23:36 UTC] PHP Warning:  Undefined array key "action" in C:\xampp2\htdocs\dragonstone\admin\productmanagement.php on line 10
[07-Nov-2025 15:32:50 UTC] PHP Fatal error:  Uncaught mysqli_sql_exception: Table 'dragonstone_db.suppliers' doesn't exist in C:\xampp2\htdocs\dragonstone\admin\productmanagement.php:153
Stack trace:
#0 C:\xampp2\htdocs\dragonstone\admin\productmanagement.php(153): mysqli->query('\r\n    SELECT p....')
#1 {main}
  thrown in C:\xampp2\htdocs\dragonstone\admin\productmanagement.php on line 153
[07-Nov-2025 15:36:11 UTC] PHP Fatal error:  Uncaught mysqli_sql_exception: Table 'dragonstone_db.suppliers' doesn't exist in C:\xampp2\htdocs\dragonstone\admin\productmanagement.php:153
Stack trace:
#0 C:\xampp2\htdocs\dragonstone\admin\productmanagement.php(153): mysqli->query('\r\n    SELECT p....')
#1 {main}
  thrown in C:\xampp2\htdocs\dragonstone\admin\productmanagement.php on line 153
[07-Nov-2025 15:36:19 UTC] PHP Fatal error:  Uncaught mysqli_sql_exception: Table 'dragonstone_db.suppliers' doesn't exist in C:\xampp2\htdocs\dragonstone\admin\productmanagement.php:153
Stack trace:
#0 C:\xampp2\htdocs\dragonstone\admin\productmanagement.php(153): mysqli->query('\r\n    SELECT p....')
#1 {main}
  thrown in C:\xampp2\htdocs\dragonstone\admin\productmanagement.php on line 153
[07-Nov-2025 16:32:52 UTC] PHP Fatal error:  Uncaught mysqli_sql_exception: Table 'dragonstone_db.suppliers' doesn't exist in C:\xampp2\htdocs\dragonstone\admin\productmanagement.php:153
Stack trace:
#0 C:\xampp2\htdocs\dragonstone\admin\productmanagement.php(153): mysqli->query('\r\n    SELECT p....')
#1 {main}
  thrown in C:\xampp2\htdocs\dragonstone\admin\productmanagement.php on line 153
[07-Nov-2025 16:46:10 UTC] PHP Fatal error:  Uncaught mysqli_sql_exception: Cannot delete or update a parent row: a foreign key constraint fails (`dragonstone_db`.`reviews`, CONSTRAINT `reviews_ibfk_2` FOREIGN KEY (`product_id`) REFERENCES `products` (`product_id`)) in C:\xampp2\htdocs\dragonstone\admin\productmanagement.php:154
Stack trace:
#0 C:\xampp2\htdocs\dragonstone\admin\productmanagement.php(154): mysqli_stmt->execute()
#1 {main}
  thrown in C:\xampp2\htdocs\dragonstone\admin\productmanagement.php on line 154
[07-Nov-2025 16:47:27 UTC] PHP Fatal error:  Uncaught mysqli_sql_exception: Cannot delete or update a parent row: a foreign key constraint fails (`dragonstone_db`.`subscriptions`, CONSTRAINT `subscriptions_ibfk_2` FOREIGN KEY (`product_id`) REFERENCES `products` (`product_id`)) in C:\xampp2\htdocs\dragonstone\admin\productmanagement.php:154
Stack trace:
#0 C:\xampp2\htdocs\dragonstone\admin\productmanagement.php(154): mysqli_stmt->execute()
#1 {main}
  thrown in C:\xampp2\htdocs\dragonstone\admin\productmanagement.php on line 154
[07-Nov-2025 17:18:04 UTC] PHP Fatal error:  Uncaught mysqli_sql_exception: Cannot delete or update a parent row: a foreign key constraint fails (`dragonstone_db`.`reviews`, CONSTRAINT `reviews_ibfk_2` FOREIGN KEY (`product_id`) REFERENCES `products` (`product_id`)) in C:\xampp2\htdocs\dragonstone\admin\productmanagement.php:166
Stack trace:
#0 C:\xampp2\htdocs\dragonstone\admin\productmanagement.php(166): mysqli_stmt->execute()
#1 {main}
  thrown in C:\xampp2\htdocs\dragonstone\admin\productmanagement.php on line 166
[07-Nov-2025 18:13:31 UTC] PHP Fatal error:  Uncaught mysqli_sql_exception: You have an error in your SQL syntax; check the manual that corresponds to your MariaDB server version for the right syntax to use near 'FOREIGN KEY (product_id) REFERENCES products(product_id) ON DELETE SET NULL' at line 1 in C:\xampp2\htdocs\dragonstone\includes\database.php:369
Stack trace:
#0 C:\xampp2\htdocs\dragonstone\includes\database.php(369): mysqli->query('ALTER TABLE rev...')
#1 {main}
  thrown in C:\xampp2\htdocs\dragonstone\includes\database.php on line 369
[07-Nov-2025 20:05:17 UTC] PHP Fatal error:  Cannot redeclare isLoggedIn() (previously declared in C:\xampp2\htdocs\dragonstone\includes\auth.php:11) in C:\xampp2\htdocs\dragonstone\includes\auth.php on line 11
[08-Nov-2025 22:39:32 UTC] Google Sign-In Attempt - HTTP Code: 200, Error: 
[08-Nov-2025 22:39:32 UTC] Google Sign-In SUCCESS for: immanahmakitla@gmail.com
[09-Nov-2025 01:44:14 UTC] PHP Fatal error:  Cannot redeclare isLoggedIn() (previously declared in C:\xampp2\htdocs\dragonstone\includes\auth.php:11) in C:\xampp2\htdocs\dragonstone\includes\auth.php on line 11
[09-Nov-2025 01:46:26 UTC] PHP Fatal error:  Uncaught mysqli_sql_exception: Unknown column 'o.created_at' in 'field list' in C:\xampp2\htdocs\dragonstone\carbon-tracking.php:64
Stack trace:
#0 C:\xampp2\htdocs\dragonstone\carbon-tracking.php(64): mysqli->prepare('SELECT MONTH(o....')
#1 {main}
  thrown in C:\xampp2\htdocs\dragonstone\carbon-tracking.php on line 64
[09-Nov-2025 01:55:29 UTC] PHP Fatal error:  Uncaught mysqli_sql_exception: Unknown column 'o.created_at' in 'field list' in C:\xampp2\htdocs\dragonstone\carbon-tracking.php:66
Stack trace:
#0 C:\xampp2\htdocs\dragonstone\carbon-tracking.php(66): mysqli->prepare('SELECT MONTH(o....')
#1 {main}
  thrown in C:\xampp2\htdocs\dragonstone\carbon-tracking.php on line 66
[09-Nov-2025 01:55:31 UTC] PHP Fatal error:  Uncaught mysqli_sql_exception: Unknown column 'o.created_at' in 'field list' in C:\xampp2\htdocs\dragonstone\carbon-tracking.php:66
Stack trace:
#0 C:\xampp2\htdocs\dragonstone\carbon-tracking.php(66): mysqli->prepare('SELECT MONTH(o....')
#1 {main}
  thrown in C:\xampp2\htdocs\dragonstone\carbon-tracking.php on line 66
[09-Nov-2025 01:55:40 UTC] PHP Fatal error:  Uncaught mysqli_sql_exception: Unknown column 'o.created_at' in 'field list' in C:\xampp2\htdocs\dragonstone\carbon-tracking.php:66
Stack trace:
#0 C:\xampp2\htdocs\dragonstone\carbon-tracking.php(66): mysqli->prepare('SELECT MONTH(o....')
#1 {main}
  thrown in C:\xampp2\htdocs\dragonstone\carbon-tracking.php on line 66
[09-Nov-2025 02:11:46 UTC] PHP Fatal error:  Cannot redeclare isLoggedIn() (previously declared in C:\xampp2\htdocs\dragonstone\includes\auth.php:11) in C:\xampp2\htdocs\dragonstone\includes\auth.php on line 11
[09-Nov-2025 02:13:59 UTC] PHP Fatal error:  Cannot redeclare isLoggedIn() (previously declared in C:\xampp2\htdocs\dragonstone\includes\auth.php:11) in C:\xampp2\htdocs\dragonstone\includes\auth.php on line 11
[09-Nov-2025 02:18:34 UTC] PHP Fatal error:  Uncaught Error: Call to undefined function requireLogin() in C:\xampp2\htdocs\dragonstone\checkout.php:9
Stack trace:
#0 {main}
  thrown in C:\xampp2\htdocs\dragonstone\checkout.php on line 9
[09-Nov-2025 02:32:11 UTC] PHP Fatal error:  Uncaught Error: Call to undefined function requireLogin() in C:\xampp2\htdocs\dragonstone\checkout.php:9
Stack trace:
#0 {main}
  thrown in C:\xampp2\htdocs\dragonstone\checkout.php on line 9
[09-Nov-2025 02:32:13 UTC] PHP Fatal error:  Uncaught Error: Call to undefined function getCurrentUserFirstName() in C:\xampp2\htdocs\dragonstone\includes\header.php:250
Stack trace:
#0 C:\xampp2\htdocs\dragonstone\cart.php(105): require_once()
#1 {main}
  thrown in C:\xampp2\htdocs\dragonstone\includes\header.php on line 250
[09-Nov-2025 02:32:21 UTC] PHP Fatal error:  Uncaught Error: Call to undefined function getCurrentUserFirstName() in C:\xampp2\htdocs\dragonstone\includes\header.php:250
Stack trace:
#0 C:\xampp2\htdocs\dragonstone\carbon-tracking.php(101): include()
#1 {main}
  thrown in C:\xampp2\htdocs\dragonstone\includes\header.php on line 250
[09-Nov-2025 02:32:27 UTC] PHP Fatal error:  Uncaught Error: Call to undefined function getCurrentUserFirstName() in C:\xampp2\htdocs\dragonstone\includes\header.php:250
Stack trace:
#0 C:\xampp2\htdocs\dragonstone\products.php(124): require_once()
#1 {main}
  thrown in C:\xampp2\htdocs\dragonstone\includes\header.php on line 250
[09-Nov-2025 02:32:32 UTC] PHP Fatal error:  Uncaught Error: Call to undefined function getCurrentUserFirstName() in C:\xampp2\htdocs\dragonstone\includes\header.php:250
Stack trace:
#0 C:\xampp2\htdocs\dragonstone\wishlist.php(102): require_once()
#1 {main}
  thrown in C:\xampp2\htdocs\dragonstone\includes\header.php on line 250
[09-Nov-2025 03:13:01 UTC] PHP Fatal error:  Uncaught Error: Call to undefined function getCurrentUserFirstName() in C:\xampp2\htdocs\dragonstone\includes\header.php:250
Stack trace:
#0 C:\xampp2\htdocs\dragonstone\wishlist.php(102): require_once()
#1 {main}
  thrown in C:\xampp2\htdocs\dragonstone\includes\header.php on line 250
[09-Nov-2025 04:27:46 UTC] PHP Fatal error:  Uncaught Error: Call to undefined function requireLogin() in C:\xampp2\htdocs\dragonstone\checkout.php:9
Stack trace:
#0 {main}
  thrown in C:\xampp2\htdocs\dragonstone\checkout.php on line 9
[09-Nov-2025 05:41:01 UTC] PHP Fatal error:  Uncaught mysqli_sql_exception: Table 'dragonstone_db.user_goals' doesn't exist in C:\xampp2\htdocs\dragonstone\carbon-tracking.php:88
Stack trace:
#0 C:\xampp2\htdocs\dragonstone\carbon-tracking.php(88): mysqli->prepare('SELECT goal_typ...')
#1 {main}
  thrown in C:\xampp2\htdocs\dragonstone\carbon-tracking.php on line 88
[09-Nov-2025 05:46:22 UTC] PHP Fatal error:  Uncaught Error: Call to undefined function requireLogin() in C:\xampp2\htdocs\dragonstone\eco-points.php:6
Stack trace:
#0 {main}
  thrown in C:\xampp2\htdocs\dragonstone\eco-points.php on line 6
[09-Nov-2025 05:46:27 UTC] PHP Fatal error:  Uncaught Error: Call to undefined function requireLogin() in C:\xampp2\htdocs\dragonstone\eco-points.php:6
Stack trace:
#0 {main}
  thrown in C:\xampp2\htdocs\dragonstone\eco-points.php on line 6
[09-Nov-2025 06:04:57 UTC] PHP Warning:  foreach() argument must be of type array|object, string given in C:\xampp2\htdocs\dragonstone\admin\productmanagement.php on line 74
[09-Nov-2025 06:04:57 UTC] PHP Warning:  Undefined array key "action" in C:\xampp2\htdocs\dragonstone\admin\productmanagement.php on line 123
[09-Nov-2025 06:04:57 UTC] PHP Warning:  Undefined array key "action" in C:\xampp2\htdocs\dragonstone\admin\productmanagement.php on line 168
[09-Nov-2025 06:04:57 UTC] PHP Warning:  Undefined array key "action" in C:\xampp2\htdocs\dragonstone\admin\productmanagement.php on line 226
[09-Nov-2025 06:04:57 UTC] PHP Warning:  Undefined array key "action" in C:\xampp2\htdocs\dragonstone\admin\productmanagement.php on line 266
[09-Nov-2025 06:06:06 UTC] PHP Warning:  foreach() argument must be of type array|object, string given in C:\xampp2\htdocs\dragonstone\admin\productmanagement.php on line 74
[09-Nov-2025 06:06:06 UTC] PHP Warning:  Undefined array key "action" in C:\xampp2\htdocs\dragonstone\admin\productmanagement.php on line 123
[09-Nov-2025 06:06:06 UTC] PHP Warning:  Undefined array key "action" in C:\xampp2\htdocs\dragonstone\admin\productmanagement.php on line 168
[09-Nov-2025 06:06:06 UTC] PHP Warning:  Undefined array key "action" in C:\xampp2\htdocs\dragonstone\admin\productmanagement.php on line 226
[09-Nov-2025 06:06:06 UTC] PHP Warning:  Undefined array key "action" in C:\xampp2\htdocs\dragonstone\admin\productmanagement.php on line 266
[09-Nov-2025 06:44:55 UTC] PHP Fatal error:  Uncaught mysqli_sql_exception: Cannot delete or update a parent row: a foreign key constraint fails (`dragonstone_db`.`subscriptions`, CONSTRAINT `subscriptions_ibfk_2` FOREIGN KEY (`product_id`) REFERENCES `products` (`product_id`)) in C:\xampp2\htdocs\dragonstone\admin\productmanagement.php:108
Stack trace:
#0 C:\xampp2\htdocs\dragonstone\admin\productmanagement.php(108): mysqli_stmt->execute()
#1 {main}
  thrown in C:\xampp2\htdocs\dragonstone\admin\productmanagement.php on line 108
[09-Nov-2025 07:07:26 UTC] User data error: Unknown column 'username' in 'field list'
[09-Nov-2025 07:11:13 UTC] User data error: Unknown column 'username' in 'field list'
[09-Nov-2025 07:57:13 UTC] User data error: Unknown column 'username' in 'field list'
[09-Nov-2025 08:29:07 UTC] PHP Fatal error:  Uncaught mysqli_sql_exception: Cannot delete or update a parent row: a foreign key constraint fails (`dragonstone_db`.`eco_point_transactions`, CONSTRAINT `eco_point_transactions_ibfk_1` FOREIGN KEY (`user_id`) REFERENCES `users` (`user_id`)) in C:\xampp2\htdocs\dragonstone\admin\usermanagement.php:107
Stack trace:
#0 C:\xampp2\htdocs\dragonstone\admin\usermanagement.php(107): mysqli_stmt->execute()
#1 {main}
  thrown in C:\xampp2\htdocs\dragonstone\admin\usermanagement.php on line 107
[09-Nov-2025 08:29:07 UTC] PHP Fatal error:  Uncaught mysqli_sql_exception: Cannot delete or update a parent row: a foreign key constraint fails (`dragonstone_db`.`eco_point_transactions`, CONSTRAINT `eco_point_transactions_ibfk_1` FOREIGN KEY (`user_id`) REFERENCES `users` (`user_id`)) in C:\xampp2\htdocs\dragonstone\admin\usermanagement.php:107
Stack trace:
#0 C:\xampp2\htdocs\dragonstone\admin\usermanagement.php(107): mysqli_stmt->execute()
#1 {main}
  thrown in C:\xampp2\htdocs\dragonstone\admin\usermanagement.php on line 107
[09-Nov-2025 08:59:03 UTC] User data error: Unknown column 'username' in 'field list'
[09-Nov-2025 09:01:49 UTC] User data error: Unknown column 'username' in 'field list'
[09-Nov-2025 09:32:29 UTC] PHP Parse error:  syntax error, unexpected identifier "TABLE", expecting "]" in C:\xampp2\htdocs\dragonstone\includes\database.php on line 150
[09-Nov-2025 09:32:30 UTC] PHP Parse error:  syntax error, unexpected identifier "TABLE", expecting "]" in C:\xampp2\htdocs\dragonstone\includes\database.php on line 150
[09-Nov-2025 09:36:22 UTC] PHP Parse error:  syntax error, unexpected identifier "INTO", expecting "]" in C:\xampp2\htdocs\dragonstone\includes\database.php on line 163
[09-Nov-2025 09:38:36 UTC] PHP Parse error:  syntax error, unexpected identifier "INTO", expecting "]" in C:\xampp2\htdocs\dragonstone\includes\database.php on line 163
[09-Nov-2025 09:57:21 UTC] PHP Fatal error:  Uncaught mysqli_sql_exception: Table 'dragonstone_db.community_events' doesn't exist in C:\xampp2\htdocs\dragonstone\community.php:722
Stack trace:
#0 C:\xampp2\htdocs\dragonstone\community.php(722): mysqli->query('SELECT ce.*, \r\n...')
#1 {main}
  thrown in C:\xampp2\htdocs\dragonstone\community.php on line 722
[09-Nov-2025 09:57:22 UTC] PHP Fatal error:  Uncaught mysqli_sql_exception: Table 'dragonstone_db.community_events' doesn't exist in C:\xampp2\htdocs\dragonstone\community.php:722
Stack trace:
#0 C:\xampp2\htdocs\dragonstone\community.php(722): mysqli->query('SELECT ce.*, \r\n...')
#1 {main}
  thrown in C:\xampp2\htdocs\dragonstone\community.php on line 722
[09-Nov-2025 17:08:27 UTC] User data error: Unknown column 'username' in 'field list'
[09-Nov-2025 17:14:43 UTC] User data error: Unknown column 'username' in 'field list'
[09-Nov-2025 17:58:27 UTC] PHP Warning:  Undefined variable $pdo in C:\xampp2\htdocs\dragonstone\admin\adminindex.php on line 101
[09-Nov-2025 17:58:28 UTC] PHP Fatal error:  Uncaught Error: Call to a member function query() on null in C:\xampp2\htdocs\dragonstone\admin\adminindex.php:36
Stack trace:
#0 C:\xampp2\htdocs\dragonstone\admin\adminindex.php(101): getDashboardStats(NULL)
#1 {main}
  thrown in C:\xampp2\htdocs\dragonstone\admin\adminindex.php on line 36
[09-Nov-2025 18:02:53 UTC] PHP Fatal error:  Uncaught ArgumentCountError: The number of elements in the type definition string must match the number of bind variables in C:\xampp2\htdocs\dragonstone\carbon-tracking.php:133
Stack trace:
#0 C:\xampp2\htdocs\dragonstone\carbon-tracking.php(133): mysqli_stmt->bind_param('isds', 23, 'weekly', 1.5, '2025-11-09', '2025-12-09')
#1 {main}
  thrown in C:\xampp2\htdocs\dragonstone\carbon-tracking.php on line 133
[09-Nov-2025 18:02:53 UTC] PHP Fatal error:  Uncaught ArgumentCountError: The number of elements in the type definition string must match the number of bind variables in C:\xampp2\htdocs\dragonstone\carbon-tracking.php:133
Stack trace:
#0 C:\xampp2\htdocs\dragonstone\carbon-tracking.php(133): mysqli_stmt->bind_param('isds', 23, 'weekly', 1.5, '2025-11-09', '2025-12-09')
#1 {main}
  thrown in C:\xampp2\htdocs\dragonstone\carbon-tracking.php on line 133
[09-Nov-2025 18:04:16 UTC] PHP Fatal error:  Uncaught ArgumentCountError: The number of elements in the type definition string must match the number of bind variables in C:\xampp2\htdocs\dragonstone\carbon-tracking.php:133
Stack trace:
#0 C:\xampp2\htdocs\dragonstone\carbon-tracking.php(133): mysqli_stmt->bind_param('isds', 23, 'weekly', 2.1, '2025-11-09', '2025-12-09')
#1 {main}
  thrown in C:\xampp2\htdocs\dragonstone\carbon-tracking.php on line 133
[09-Nov-2025 18:10:25 UTC] PHP Fatal error:  Uncaught ArgumentCountError: The number of elements in the type definition string must match the number of bind variables in C:\xampp2\htdocs\dragonstone\carbon-tracking.php:133
Stack trace:
#0 C:\xampp2\htdocs\dragonstone\carbon-tracking.php(133): mysqli_stmt->bind_param('isds', 23, 'weekly', 2.1, '2025-11-09', '2025-12-09')
#1 {main}
  thrown in C:\xampp2\htdocs\dragonstone\carbon-tracking.php on line 133
[09-Nov-2025 18:10:49 UTC] PHP Fatal error:  Uncaught ArgumentCountError: The number of elements in the type definition string must match the number of bind variables in C:\xampp2\htdocs\dragonstone\carbon-tracking.php:133
Stack trace:
#0 C:\xampp2\htdocs\dragonstone\carbon-tracking.php(133): mysqli_stmt->bind_param('isds', 23, 'weekly', 2.1, '2025-11-09', '2025-12-09')
#1 {main}
  thrown in C:\xampp2\htdocs\dragonstone\carbon-tracking.php on line 133
[09-Nov-2025 18:24:45 UTC] PHP Warning:  Undefined variable $pdo in C:\xampp2\htdocs\dragonstone\admin\adminindex.php on line 101
[09-Nov-2025 18:24:46 UTC] PHP Fatal error:  Uncaught Error: Call to a member function query() on null in C:\xampp2\htdocs\dragonstone\admin\adminindex.php:36
Stack trace:
#0 C:\xampp2\htdocs\dragonstone\admin\adminindex.php(101): getDashboardStats(NULL)
#1 {main}
  thrown in C:\xampp2\htdocs\dragonstone\admin\adminindex.php on line 36
[09-Nov-2025 18:57:35 UTC] PHP Fatal error:  Uncaught mysqli_sql_exception: Unknown column 'total_points' in 'field list' in C:\xampp2\htdocs\dragonstone\carbon-tracking.php:115
Stack trace:
#0 C:\xampp2\htdocs\dragonstone\carbon-tracking.php(115): mysqli->query('UPDATE users SE...')
#1 {main}
  thrown in C:\xampp2\htdocs\dragonstone\carbon-tracking.php on line 115
[09-Nov-2025 18:57:57 UTC] PHP Warning:  Undefined variable $pdo in C:\xampp2\htdocs\dragonstone\admin\adminindex.php on line 101
[09-Nov-2025 18:57:57 UTC] PHP Fatal error:  Uncaught Error: Call to a member function query() on null in C:\xampp2\htdocs\dragonstone\admin\adminindex.php:36
Stack trace:
#0 C:\xampp2\htdocs\dragonstone\admin\adminindex.php(101): getDashboardStats(NULL)
#1 {main}
  thrown in C:\xampp2\htdocs\dragonstone\admin\adminindex.php on line 36
[09-Nov-2025 19:08:02 UTC] PHP Warning:  Undefined variable $pdo in C:\xampp2\htdocs\dragonstone\admin\adminindex.php on line 101
[09-Nov-2025 19:08:02 UTC] PHP Fatal error:  Uncaught Error: Call to a member function query() on null in C:\xampp2\htdocs\dragonstone\admin\adminindex.php:36
Stack trace:
#0 C:\xampp2\htdocs\dragonstone\admin\adminindex.php(101): getDashboardStats(NULL)
#1 {main}
  thrown in C:\xampp2\htdocs\dragonstone\admin\adminindex.php on line 36
[09-Nov-2025 19:08:10 UTC] PHP Warning:  Undefined variable $pdo in C:\xampp2\htdocs\dragonstone\admin\adminindex.php on line 101
[09-Nov-2025 19:08:10 UTC] PHP Fatal error:  Uncaught Error: Call to a member function query() on null in C:\xampp2\htdocs\dragonstone\admin\adminindex.php:36
Stack trace:
#0 C:\xampp2\htdocs\dragonstone\admin\adminindex.php(101): getDashboardStats(NULL)
#1 {main}
  thrown in C:\xampp2\htdocs\dragonstone\admin\adminindex.php on line 36
[09-Nov-2025 19:27:56 UTC] PHP Warning:  Undefined variable $pdo in C:\xampp2\htdocs\dragonstone\admin\adminindex.php on line 101
[09-Nov-2025 19:27:57 UTC] PHP Fatal error:  Uncaught Error: Call to a member function query() on null in C:\xampp2\htdocs\dragonstone\admin\adminindex.php:36
Stack trace:
#0 C:\xampp2\htdocs\dragonstone\admin\adminindex.php(101): getDashboardStats(NULL)
#1 {main}
  thrown in C:\xampp2\htdocs\dragonstone\admin\adminindex.php on line 36
[09-Nov-2025 19:27:59 UTC] PHP Warning:  Undefined variable $pdo in C:\xampp2\htdocs\dragonstone\admin\adminindex.php on line 101
[09-Nov-2025 19:27:59 UTC] PHP Fatal error:  Uncaught Error: Call to a member function query() on null in C:\xampp2\htdocs\dragonstone\admin\adminindex.php:36
Stack trace:
#0 C:\xampp2\htdocs\dragonstone\admin\adminindex.php(101): getDashboardStats(NULL)
#1 {main}
  thrown in C:\xampp2\htdocs\dragonstone\admin\adminindex.php on line 36
[09-Nov-2025 19:43:44 UTC] PHP Fatal error:  Uncaught mysqli_sql_exception: Unknown column 'password' in 'field list' in C:\xampp2\htdocs\dragonstone\settings.php:55
Stack trace:
#0 C:\xampp2\htdocs\dragonstone\settings.php(55): mysqli->prepare('SELECT password...')
#1 {main}
  thrown in C:\xampp2\htdocs\dragonstone\settings.php on line 55
[09-Nov-2025 20:20:37 UTC] PHP Fatal error:  Uncaught mysqli_sql_exception: Unknown column 'phone' in 'field list' in C:\xampp2\htdocs\dragonstone\settings.php:17
Stack trace:
#0 C:\xampp2\htdocs\dragonstone\settings.php(17): mysqli->prepare('SELECT user_id,...')
#1 {main}
  thrown in C:\xampp2\htdocs\dragonstone\settings.php on line 17
[09-Nov-2025 20:38:04 UTC] PHP Fatal error:  Cannot redeclare isLoggedIn() (previously declared in C:\xampp2\htdocs\dragonstone\includes\auth.php:11) in C:\xampp2\htdocs\dragonstone\includes\auth.php on line 11
[09-Nov-2025 20:38:05 UTC] PHP Fatal error:  Cannot redeclare isLoggedIn() (previously declared in C:\xampp2\htdocs\dragonstone\includes\auth.php:11) in C:\xampp2\htdocs\dragonstone\includes\auth.php on line 11
[09-Nov-2025 20:42:16 UTC] User data error: Unknown column 'username' in 'field list'
[09-Nov-2025 21:13:55 UTC] User data error: Unknown column 'username' in 'field list'
[09-Nov-2025 21:14:41 UTC] User data error: Unknown column 'username' in 'field list'
[09-Nov-2025 21:36:15 UTC] User data error: Unknown column 'username' in 'field list'
[09-Nov-2025 22:03:39 UTC] User data error: Unknown column 'username' in 'field list'
[09-Nov-2025 22:14:21 UTC] PHP Fatal error:  Uncaught mysqli_sql_exception: Unknown column 'source' in 'field list' in C:\xampp2\htdocs\dragonstone\carbon-tracking.php:222
Stack trace:
#0 C:\xampp2\htdocs\dragonstone\carbon-tracking.php(222): mysqli->prepare('SELECT \r\n      ...')
#1 {main}
  thrown in C:\xampp2\htdocs\dragonstone\carbon-tracking.php on line 222
[09-Nov-2025 22:15:08 UTC] User data error: Unknown column 'username' in 'field list'
[09-Nov-2025 22:34:09 UTC] PHP Fatal error:  Uncaught mysqli_sql_exception: Unknown column 'parent_id' in 'where clause' in C:\xampp2\htdocs\dragonstone\admin\categorymanagement.php:340
Stack trace:
#0 C:\xampp2\htdocs\dragonstone\admin\categorymanagement.php(340): mysqli->query('\r\n    SELECT c....')
#1 {main}
  thrown in C:\xampp2\htdocs\dragonstone\admin\categorymanagement.php on line 340
[09-Nov-2025 23:04:49 UTC] PHP Fatal error:  Uncaught mysqli_sql_exception: Unknown column 'source' in 'field list' in C:\xampp2\htdocs\dragonstone\carbon-tracking.php:222
Stack trace:
#0 C:\xampp2\htdocs\dragonstone\carbon-tracking.php(222): mysqli->prepare('SELECT \r\n      ...')
#1 {main}
  thrown in C:\xampp2\htdocs\dragonstone\carbon-tracking.php on line 222
[10-Nov-2025 00:26:10 UTC] PHP Fatal error:  Uncaught mysqli_sql_exception: Unknown column 'phone' in 'field list' in C:\xampp2\htdocs\dragonstone\settings.php:17
Stack trace:
#0 C:\xampp2\htdocs\dragonstone\settings.php(17): mysqli->prepare('SELECT user_id,...')
#1 {main}
  thrown in C:\xampp2\htdocs\dragonstone\settings.php on line 17
[10-Nov-2025 01:03:49 UTC] PHP Fatal error:  Uncaught mysqli_sql_exception: Table 'dragonstone_db.community_events' doesn't exist in C:\xampp2\htdocs\dragonstone\community.php:114
Stack trace:
#0 C:\xampp2\htdocs\dragonstone\community.php(114): mysqli->query('SELECT ce.*, \r\n...')
#1 {main}
  thrown in C:\xampp2\htdocs\dragonstone\community.php on line 114
[10-Nov-2025 01:03:54 UTC] PHP Fatal error:  Uncaught mysqli_sql_exception: Table 'dragonstone_db.community_events' doesn't exist in C:\xampp2\htdocs\dragonstone\community.php:114
Stack trace:
#0 C:\xampp2\htdocs\dragonstone\community.php(114): mysqli->query('SELECT ce.*, \r\n...')
#1 {main}
  thrown in C:\xampp2\htdocs\dragonstone\community.php on line 114
[10-Nov-2025 01:21:20 UTC] PHP Fatal error:  Uncaught mysqli_sql_exception: Table 'dragonstone_db.community_events' doesn't exist in C:\xampp2\htdocs\dragonstone\community.php:1020
Stack trace:
#0 C:\xampp2\htdocs\dragonstone\community.php(1020): mysqli_result->fetch_assoc()
#1 {main}
  thrown in C:\xampp2\htdocs\dragonstone\community.php on line 1020
[10-Nov-2025 01:21:39 UTC] PHP Fatal error:  Uncaught mysqli_sql_exception: Table 'dragonstone_db.community_events' doesn't exist in C:\xampp2\htdocs\dragonstone\community.php:1020
Stack trace:
#0 C:\xampp2\htdocs\dragonstone\community.php(1020): mysqli_result->fetch_assoc()
#1 {main}
  thrown in C:\xampp2\htdocs\dragonstone\community.php on line 1020
[10-Nov-2025 01:21:51 UTC] PHP Fatal error:  Uncaught mysqli_sql_exception: Table 'dragonstone_db.community_events' doesn't exist in C:\xampp2\htdocs\dragonstone\community.php:1020
Stack trace:
#0 C:\xampp2\htdocs\dragonstone\community.php(1020): mysqli_result->fetch_assoc()
#1 {main}
  thrown in C:\xampp2\htdocs\dragonstone\community.php on line 1020
[10-Nov-2025 01:28:42 UTC] User data error: Unknown column 'username' in 'field list'
[10-Nov-2025 02:40:41 UTC] PHP Fatal error:  Uncaught mysqli_sql_exception: Unknown column 'parent_id' in 'where clause' in C:\xampp2\htdocs\dragonstone\admin\categorymanagement.php:340
Stack trace:
#0 C:\xampp2\htdocs\dragonstone\admin\categorymanagement.php(340): mysqli->query('\r\n    SELECT c....')
#1 {main}
  thrown in C:\xampp2\htdocs\dragonstone\admin\categorymanagement.php on line 340
[10-Nov-2025 02:40:54 UTC] PHP Fatal error:  Uncaught mysqli_sql_exception: Unknown column 'parent_id' in 'where clause' in C:\xampp2\htdocs\dragonstone\admin\categorymanagement.php:340
Stack trace:
#0 C:\xampp2\htdocs\dragonstone\admin\categorymanagement.php(340): mysqli->query('\r\n    SELECT c....')
#1 {main}
  thrown in C:\xampp2\htdocs\dragonstone\admin\categorymanagement.php on line 340
[10-Nov-2025 02:41:02 UTC] PHP Fatal error:  Uncaught mysqli_sql_exception: Unknown column 'parent_id' in 'where clause' in C:\xampp2\htdocs\dragonstone\admin\categorymanagement.php:340
Stack trace:
#0 C:\xampp2\htdocs\dragonstone\admin\categorymanagement.php(340): mysqli->query('\r\n    SELECT c....')
#1 {main}
  thrown in C:\xampp2\htdocs\dragonstone\admin\categorymanagement.php on line 340
[10-Nov-2025 02:41:05 UTC] PHP Fatal error:  Uncaught mysqli_sql_exception: Unknown column 'parent_id' in 'where clause' in C:\xampp2\htdocs\dragonstone\admin\categorymanagement.php:340
Stack trace:
#0 C:\xampp2\htdocs\dragonstone\admin\categorymanagement.php(340): mysqli->query('\r\n    SELECT c....')
#1 {main}
  thrown in C:\xampp2\htdocs\dragonstone\admin\categorymanagement.php on line 340
[10-Nov-2025 02:41:17 UTC] PHP Fatal error:  Uncaught mysqli_sql_exception: Unknown column 'parent_id' in 'where clause' in C:\xampp2\htdocs\dragonstone\admin\categorymanagement.php:340
Stack trace:
#0 C:\xampp2\htdocs\dragonstone\admin\categorymanagement.php(340): mysqli->query('\r\n    SELECT c....')
#1 {main}
  thrown in C:\xampp2\htdocs\dragonstone\admin\categorymanagement.php on line 340
[10-Nov-2025 02:41:18 UTC] PHP Fatal error:  Uncaught mysqli_sql_exception: Unknown column 'parent_id' in 'where clause' in C:\xampp2\htdocs\dragonstone\admin\categorymanagement.php:340
Stack trace:
#0 C:\xampp2\htdocs\dragonstone\admin\categorymanagement.php(340): mysqli->query('\r\n    SELECT c....')
#1 {main}
  thrown in C:\xampp2\htdocs\dragonstone\admin\categorymanagement.php on line 340
[10-Nov-2025 02:41:19 UTC] PHP Fatal error:  Uncaught mysqli_sql_exception: Unknown column 'parent_id' in 'where clause' in C:\xampp2\htdocs\dragonstone\admin\categorymanagement.php:340
Stack trace:
#0 C:\xampp2\htdocs\dragonstone\admin\categorymanagement.php(340): mysqli->query('\r\n    SELECT c....')
#1 {main}
  thrown in C:\xampp2\htdocs\dragonstone\admin\categorymanagement.php on line 340
[10-Nov-2025 02:58:07 UTC] PHP Fatal error:  Uncaught mysqli_sql_exception: Table 'dragonstone_db.community_events' doesn't exist in C:\xampp2\htdocs\dragonstone\community.php:1020
Stack trace:
#0 C:\xampp2\htdocs\dragonstone\community.php(1020): mysqli_result->fetch_assoc()
#1 {main}
  thrown in C:\xampp2\htdocs\dragonstone\community.php on line 1020
[10-Nov-2025 02:59:20 UTC] User data error: Unknown column 'username' in 'field list'
[10-Nov-2025 02:59:49 UTC] PHP Fatal error:  Uncaught mysqli_sql_exception: Unknown column 'phone' in 'field list' in C:\xampp2\htdocs\dragonstone\settings.php:17
Stack trace:
#0 C:\xampp2\htdocs\dragonstone\settings.php(17): mysqli->prepare('SELECT user_id,...')
#1 {main}
  thrown in C:\xampp2\htdocs\dragonstone\settings.php on line 17
[10-Nov-2025 04:47:40 UTC] PHP Fatal error:  Uncaught mysqli_sql_exception: Table 'dragonstone_db.community_events' doesn't exist in C:\xampp2\htdocs\dragonstone\community.php:1020
Stack trace:
#0 C:\xampp2\htdocs\dragonstone\community.php(1020): mysqli_result->fetch_assoc()
#1 {main}
  thrown in C:\xampp2\htdocs\dragonstone\community.php on line 1020
[10-Nov-2025 04:50:19 UTC] PHP Fatal error:  Uncaught mysqli_sql_exception: Table 'dragonstone_db.community_events' doesn't exist in C:\xampp2\htdocs\dragonstone\community.php:1020
Stack trace:
#0 C:\xampp2\htdocs\dragonstone\community.php(1020): mysqli_result->fetch_assoc()
#1 {main}
  thrown in C:\xampp2\htdocs\dragonstone\community.php on line 1020
[10-Nov-2025 04:51:18 UTC] PHP Fatal error:  Uncaught mysqli_sql_exception: Table 'dragonstone_db.community_events' doesn't exist in C:\xampp2\htdocs\dragonstone\community.php:1020
Stack trace:
#0 C:\xampp2\htdocs\dragonstone\community.php(1020): mysqli_result->fetch_assoc()
#1 {main}
  thrown in C:\xampp2\htdocs\dragonstone\community.php on line 1020
[10-Nov-2025 05:04:39 UTC] PHP Fatal error:  Uncaught mysqli_sql_exception: Table 'dragonstone_db.event_participants' doesn't exist in C:\xampp2\htdocs\dragonstone\community.php:52
Stack trace:
#0 C:\xampp2\htdocs\dragonstone\community.php(52): mysqli->prepare('INSERT INTO eve...')
#1 {main}
  thrown in C:\xampp2\htdocs\dragonstone\community.php on line 52
[10-Nov-2025 05:04:49 UTC] PHP Fatal error:  Uncaught mysqli_sql_exception: Table 'dragonstone_db.event_participants' doesn't exist in C:\xampp2\htdocs\dragonstone\community.php:52
Stack trace:
#0 C:\xampp2\htdocs\dragonstone\community.php(52): mysqli->prepare('INSERT INTO eve...')
#1 {main}
  thrown in C:\xampp2\htdocs\dragonstone\community.php on line 52
[10-Nov-2025 05:07:51 UTC] PHP Fatal error:  Uncaught mysqli_sql_exception: Unknown column 'phone' in 'field list' in C:\xampp2\htdocs\dragonstone\settings.php:17
Stack trace:
#0 C:\xampp2\htdocs\dragonstone\settings.php(17): mysqli->prepare('SELECT user_id,...')
#1 {main}
  thrown in C:\xampp2\htdocs\dragonstone\settings.php on line 17
[10-Nov-2025 05:31:43 UTC] PHP Fatal error:  Uncaught mysqli_sql_exception: Table 'dragonstone_db.user_preferences' doesn't exist in C:\xampp2\htdocs\dragonstone\settings.php:155
Stack trace:
#0 C:\xampp2\htdocs\dragonstone\settings.php(155): mysqli->prepare('SELECT * FROM u...')
#1 {main}
  thrown in C:\xampp2\htdocs\dragonstone\settings.php on line 155
[10-Nov-2025 05:40:37 UTC] PHP Fatal error:  Uncaught mysqli_sql_exception: Table 'dragonstone_db.forum_replies' doesn't exist in C:\xampp2\htdocs\dragonstone\post-details.php:46
Stack trace:
#0 C:\xampp2\htdocs\dragonstone\post-details.php(46): mysqli->prepare('SELECT fr.*, u....')
#1 {main}
  thrown in C:\xampp2\htdocs\dragonstone\post-details.php on line 46
[10-Nov-2025 05:40:37 UTC] PHP Fatal error:  Uncaught mysqli_sql_exception: Table 'dragonstone_db.forum_replies' doesn't exist in C:\xampp2\htdocs\dragonstone\post-details.php:46
Stack trace:
#0 C:\xampp2\htdocs\dragonstone\post-details.php(46): mysqli->prepare('SELECT fr.*, u....')
#1 {main}
  thrown in C:\xampp2\htdocs\dragonstone\post-details.php on line 46
[10-Nov-2025 05:42:32 UTC] PHP Fatal error:  Uncaught mysqli_sql_exception: Table 'dragonstone_db.user_preferences' doesn't exist in C:\xampp2\htdocs\dragonstone\settings.php:155
Stack trace:
#0 C:\xampp2\htdocs\dragonstone\settings.php(155): mysqli->prepare('SELECT * FROM u...')
#1 {main}
  thrown in C:\xampp2\htdocs\dragonstone\settings.php on line 155
[10-Nov-2025 05:52:11 UTC] PHP Fatal error:  Uncaught mysqli_sql_exception: Table 'dragonstone_db.user_preferences' doesn't exist in C:\xampp2\htdocs\dragonstone\settings.php:155
Stack trace:
#0 C:\xampp2\htdocs\dragonstone\settings.php(155): mysqli->prepare('SELECT * FROM u...')
#1 {main}
  thrown in C:\xampp2\htdocs\dragonstone\settings.php on line 155
[10-Nov-2025 05:52:16 UTC] PHP Fatal error:  Uncaught mysqli_sql_exception: Table 'dragonstone_db.user_preferences' doesn't exist in C:\xampp2\htdocs\dragonstone\settings.php:155
Stack trace:
#0 C:\xampp2\htdocs\dragonstone\settings.php(155): mysqli->prepare('SELECT * FROM u...')
#1 {main}
  thrown in C:\xampp2\htdocs\dragonstone\settings.php on line 155
[10-Nov-2025 12:05:33 UTC] PHP Fatal error:  Uncaught mysqli_sql_exception: Table 'dragonstone_db.event_participants' doesn't exist in C:\xampp2\htdocs\dragonstone\community.php:52
Stack trace:
#0 C:\xampp2\htdocs\dragonstone\community.php(52): mysqli->prepare('INSERT INTO eve...')
#1 {main}
  thrown in C:\xampp2\htdocs\dragonstone\community.php on line 52
[10-Nov-2025 12:40:56 UTC] === CHECKOUT DEBUG ===
[10-Nov-2025 12:40:56 UTC] Cart contents: Array
(
    [57] => 7
    [56] => 2
    [55] => 1
    [58] => 1
    [52] => 1
    [63] => 2
)

[10-Nov-2025 12:40:56 UTC] User ID: 23
[10-Nov-2025 12:40:56 UTC] POST data: Array
(
)

[10-Nov-2025 12:40:56 UTC] User data error: Unknown column 'username' in 'field list'
[10-Nov-2025 12:55:32 UTC] === CHECKOUT DEBUG ===
[10-Nov-2025 12:55:32 UTC] Cart contents: Array
(
    [57] => 7
    [56] => 2
    [55] => 1
    [58] => 1
    [52] => 1
    [63] => 2
)

[10-Nov-2025 12:55:32 UTC] User ID: 23
[10-Nov-2025 12:55:32 UTC] POST data: Array
(
)

[10-Nov-2025 12:55:33 UTC] User data error: Unknown column 'username' in 'field list'
[10-Nov-2025 13:30:57 UTC] User data error: Unknown column 'username' in 'field list'
[10-Nov-2025 14:06:46 UTC] User data error: Unknown column 'username' in 'field list'
[10-Nov-2025 14:23:53 UTC] User data error: Unknown column 'username' in 'field list'
[10-Nov-2025 14:43:51 UTC] User data error: Unknown column 'username' in 'field list'
[10-Nov-2025 16:38:33 UTC] PHP Fatal error:  Uncaught mysqli_sql_exception: Cannot delete or update a parent row: a foreign key constraint fails (`dragonstone_db`.`eco_point_transactions`, CONSTRAINT `eco_point_transactions_ibfk_1` FOREIGN KEY (`user_id`) REFERENCES `users` (`user_id`)) in C:\xampp2\htdocs\dragonstone\admin\usermanagement.php:156
Stack trace:
#0 C:\xampp2\htdocs\dragonstone\admin\usermanagement.php(156): mysqli_stmt->execute()
#1 {main}
  thrown in C:\xampp2\htdocs\dragonstone\admin\usermanagement.php on line 156
[10-Nov-2025 16:40:56 UTC] REGISTRATION: Form submitted
[10-Nov-2025 16:40:58 UTC] REGISTRATION ERROR: Email already exists.
[10-Nov-2025 16:41:15 UTC] REGISTRATION: Form submitted
[10-Nov-2025 16:41:15 UTC] REGISTRATION ERROR: Email already exists.
[10-Nov-2025 16:41:27 UTC] REGISTRATION: Form submitted
[10-Nov-2025 16:41:27 UTC] REGISTRATION ERROR: Email already exists.
[10-Nov-2025 16:43:21 UTC] REGISTRATION: Form submitted
[10-Nov-2025 17:21:14 UTC] PHP Fatal error:  Uncaught mysqli_sql_exception: Cannot delete or update a parent row: a foreign key constraint fails (`dragonstone_db`.`eco_point_transactions`, CONSTRAINT `eco_point_transactions_ibfk_1` FOREIGN KEY (`user_id`) REFERENCES `users` (`user_id`)) in C:\xampp2\htdocs\dragonstone\admin\usermanagement.php:156
Stack trace:
#0 C:\xampp2\htdocs\dragonstone\admin\usermanagement.php(156): mysqli_stmt->execute()
#1 {main}
  thrown in C:\xampp2\htdocs\dragonstone\admin\usermanagement.php on line 156
[10-Nov-2025 17:21:21 UTC] PHP Fatal error:  Uncaught mysqli_sql_exception: Cannot delete or update a parent row: a foreign key constraint fails (`dragonstone_db`.`eco_point_transactions`, CONSTRAINT `eco_point_transactions_ibfk_1` FOREIGN KEY (`user_id`) REFERENCES `users` (`user_id`)) in C:\xampp2\htdocs\dragonstone\admin\usermanagement.php:156
Stack trace:
#0 C:\xampp2\htdocs\dragonstone\admin\usermanagement.php(156): mysqli_stmt->execute()
#1 {main}
  thrown in C:\xampp2\htdocs\dragonstone\admin\usermanagement.php on line 156
[10-Nov-2025 18:14:11 UTC] VERIFY_EMAIL: Script started
[10-Nov-2025 18:14:11 UTC] VERIFY_EMAIL: Prefilled email: tshepo5532@gmail.com
[10-Nov-2025 18:14:11 UTC] VERIFY_EMAIL: Session data - registered_email: tshepo5532@gmail.com, verification_code: 396177
[10-Nov-2025 18:14:36 UTC] VERIFY_EMAIL: Script started
[10-Nov-2025 18:14:36 UTC] VERIFY_EMAIL: Prefilled email: tshepo5532@gmail.com
[10-Nov-2025 18:14:36 UTC] VERIFY_EMAIL: Session data - registered_email: tshepo5532@gmail.com, verification_code: 396177
[10-Nov-2025 18:14:56 UTC] VERIFY_EMAIL: Script started
[10-Nov-2025 18:14:56 UTC] VERIFY_EMAIL: Prefilled email: tshepo5532@gmail.com
[10-Nov-2025 18:14:56 UTC] VERIFY_EMAIL: Session data - registered_email: tshepo5532@gmail.com, verification_code: 396177
[10-Nov-2025 18:42:53 UTC] REGISTRATION: Form submitted
[10-Nov-2025 18:45:42 UTC] PHP Fatal error:  Maximum execution time of 120 seconds exceeded in C:\xampp2\htdocs\dragonstone\register.php on line 64
[10-Nov-2025 18:45:46 UTC] REGISTRATION: Form submitted
[10-Nov-2025 18:45:58 UTC] REGISTRATION ERROR: Email already exists.
[10-Nov-2025 19:10:41 UTC] User data error: Unknown column 'username' in 'field list'
[10-Nov-2025 19:12:02 UTC] User data error: Unknown column 'username' in 'field list'
[10-Nov-2025 19:16:10 UTC] PHP Warning:  Cannot modify header information - headers already sent by (output started at C:\xampp2\htdocs\dragonstone\includes\header.php:37) in C:\xampp2\htdocs\dragonstone\checkout_success.php on line 12
[10-Nov-2025 19:20:30 UTC] REGISTRATION: Form submitted
[10-Nov-2025 21:23:03 UTC] PHP Warning:  Cannot modify header information - headers already sent by (output started at C:\xampp2\htdocs\dragonstone\includes\header.php:37) in C:\xampp2\htdocs\dragonstone\checkout_success.php on line 12
[10-Nov-2025 21:41:44 UTC] PHP Fatal error:  Uncaught mysqli_sql_exception: Host 'localhost' is not allowed to connect to this MariaDB server in C:\xampp2\htdocs\dragonstone\includes\database.php:10
Stack trace:
#0 C:\xampp2\htdocs\dragonstone\includes\database.php(10): mysqli->__construct('localhost', 'root', '', 'dragonstone_db')
#1 C:\xampp2\htdocs\dragonstone\admin\usermanagement.php(19): getDatabaseConnection()
#2 {main}
  thrown in C:\xampp2\htdocs\dragonstone\includes\database.php on line 10
[10-Nov-2025 21:42:05 UTC] PHP Fatal error:  Uncaught mysqli_sql_exception: Host 'localhost' is not allowed to connect to this MariaDB server in C:\xampp2\htdocs\dragonstone\includes\database.php:10
Stack trace:
#0 C:\xampp2\htdocs\dragonstone\includes\database.php(10): mysqli->__construct('localhost', 'root', '', 'dragonstone_db')
#1 C:\xampp2\htdocs\dragonstone\admin\productmanagement.php(19): getDatabaseConnection()
#2 {main}
  thrown in C:\xampp2\htdocs\dragonstone\includes\database.php on line 10
[10-Nov-2025 21:42:37 UTC] PHP Fatal error:  Uncaught mysqli_sql_exception: Host 'localhost' is not allowed to connect to this MariaDB server in C:\xampp2\htdocs\dragonstone\includes\database.php:10
Stack trace:
#0 C:\xampp2\htdocs\dragonstone\includes\database.php(10): mysqli->__construct('localhost', 'root', '', 'dragonstone_db')
#1 C:\xampp2\htdocs\dragonstone\admin\productmanagement.php(19): getDatabaseConnection()
#2 {main}
  thrown in C:\xampp2\htdocs\dragonstone\includes\database.php on line 10
[10-Nov-2025 21:42:50 UTC] PHP Fatal error:  Uncaught mysqli_sql_exception: Host 'localhost' is not allowed to connect to this MariaDB server in C:\xampp2\htdocs\dragonstone\includes\database.php:10
Stack trace:
#0 C:\xampp2\htdocs\dragonstone\includes\database.php(10): mysqli->__construct('localhost', 'root', '', 'dragonstone_db')
#1 C:\xampp2\htdocs\dragonstone\admin\productmanagement.php(19): getDatabaseConnection()
#2 {main}
  thrown in C:\xampp2\htdocs\dragonstone\includes\database.php on line 10
[10-Nov-2025 21:43:16 UTC] PHP Fatal error:  Uncaught mysqli_sql_exception: Host 'localhost' is not allowed to connect to this MariaDB server in C:\xampp2\htdocs\dragonstone\includes\database.php:10
Stack trace:
#0 C:\xampp2\htdocs\dragonstone\includes\database.php(10): mysqli->__construct('localhost', 'root', '', 'dragonstone_db')
#1 C:\xampp2\htdocs\dragonstone\admin\adminindex.php(26): getDatabaseConnection()
#2 {main}
  thrown in C:\xampp2\htdocs\dragonstone\includes\database.php on line 10
[10-Nov-2025 21:43:27 UTC] PHP Fatal error:  Uncaught mysqli_sql_exception: Host 'localhost' is not allowed to connect to this MariaDB server in C:\xampp2\htdocs\dragonstone\includes\database.php:10
Stack trace:
#0 C:\xampp2\htdocs\dragonstone\includes\database.php(10): mysqli->__construct('localhost', 'root', '', 'dragonstone_db')
#1 C:\xampp2\htdocs\dragonstone\admin\adminindex.php(26): getDatabaseConnection()
#2 {main}
  thrown in C:\xampp2\htdocs\dragonstone\includes\database.php on line 10
[10-Nov-2025 21:47:40 UTC] PHP Fatal error:  Uncaught mysqli_sql_exception: Host 'localhost' is not allowed to connect to this MariaDB server in C:\xampp2\htdocs\dragonstone\includes\database.php:10
Stack trace:
#0 C:\xampp2\htdocs\dragonstone\includes\database.php(10): mysqli->__construct('localhost', 'root', '', 'dragonstone_db')
#1 C:\xampp2\htdocs\dragonstone\admin\adminindex.php(26): getDatabaseConnection()
#2 {main}
  thrown in C:\xampp2\htdocs\dragonstone\includes\database.php on line 10
[10-Nov-2025 21:47:48 UTC] PHP Fatal error:  Uncaught mysqli_sql_exception: Host 'localhost' is not allowed to connect to this MariaDB server in C:\xampp2\htdocs\dragonstone\includes\database.php:10
Stack trace:
#0 C:\xampp2\htdocs\dragonstone\includes\database.php(10): mysqli->__construct('localhost', 'root', '', 'dragonstone_db')
#1 C:\xampp2\htdocs\dragonstone\admin\adminindex.php(26): getDatabaseConnection()
#2 {main}
  thrown in C:\xampp2\htdocs\dragonstone\includes\database.php on line 10
[10-Nov-2025 21:51:15 UTC] PHP Fatal error:  Uncaught mysqli_sql_exception: Host 'localhost' is not allowed to connect to this MariaDB server in C:\xampp2\htdocs\dragonstone\includes\database.php:10
Stack trace:
#0 C:\xampp2\htdocs\dragonstone\includes\database.php(10): mysqli->__construct('localhost', 'root', '', 'dragonstone_db')
#1 C:\xampp2\htdocs\dragonstone\admin\adminindex.php(26): getDatabaseConnection()
#2 {main}
  thrown in C:\xampp2\htdocs\dragonstone\includes\database.php on line 10
[10-Nov-2025 22:39:26 UTC] PHP Fatal error:  Uncaught mysqli_sql_exception: Host 'localhost' is not allowed to connect to this MariaDB server in C:\xampp2\htdocs\dragonstone\includes\database.php:10
Stack trace:
#0 C:\xampp2\htdocs\dragonstone\includes\database.php(10): mysqli->__construct('localhost', 'root', '', 'dragonstone_db')
#1 C:\xampp2\htdocs\dragonstone\community.php(5): getDatabaseConnection()
#2 {main}
  thrown in C:\xampp2\htdocs\dragonstone\includes\database.php on line 10
[10-Nov-2025 22:44:11 UTC] PHP Fatal error:  Uncaught mysqli_sql_exception: Host 'localhost' is not allowed to connect to this MariaDB server in C:\xampp2\htdocs\dragonstone\includes\database.php:10
Stack trace:
#0 C:\xampp2\htdocs\dragonstone\includes\database.php(10): mysqli->__construct('localhost', 'root', '', 'dragonstone_db')
#1 C:\xampp2\htdocs\dragonstone\community.php(5): getDatabaseConnection()
#2 {main}
  thrown in C:\xampp2\htdocs\dragonstone\includes\database.php on line 10
[10-Nov-2025 22:44:17 UTC] PHP Fatal error:  Uncaught mysqli_sql_exception: Host 'localhost' is not allowed to connect to this MariaDB server in C:\xampp2\htdocs\dragonstone\includes\database.php:10
Stack trace:
#0 C:\xampp2\htdocs\dragonstone\includes\database.php(10): mysqli->__construct('localhost', 'root', '', 'dragonstone_db')
#1 C:\xampp2\htdocs\dragonstone\community.php(5): getDatabaseConnection()
#2 {main}
  thrown in C:\xampp2\htdocs\dragonstone\includes\database.php on line 10
[10-Nov-2025 23:03:46 UTC] PHP Fatal error:  Uncaught mysqli_sql_exception: Host 'localhost' is not allowed to connect to this MariaDB server in C:\xampp2\htdocs\dragonstone\includes\database.php:10
Stack trace:
#0 C:\xampp2\htdocs\dragonstone\includes\database.php(10): mysqli->__construct('localhost', 'root', '', 'dragonstone_db')
#1 C:\xampp2\htdocs\dragonstone\products.php(10): getDatabaseConnection()
#2 {main}
  thrown in C:\xampp2\htdocs\dragonstone\includes\database.php on line 10
[10-Nov-2025 23:05:17 UTC] PHP Fatal error:  Uncaught mysqli_sql_exception: Host 'localhost' is not allowed to connect to this MariaDB server in C:\xampp2\htdocs\dragonstone\includes\database.php:10
Stack trace:
#0 C:\xampp2\htdocs\dragonstone\includes\database.php(10): mysqli->__construct('localhost', 'root', '', 'dragonstone_db')
#1 C:\xampp2\htdocs\dragonstone\eco-points.php(13): getDatabaseConnection()
#2 {main}
  thrown in C:\xampp2\htdocs\dragonstone\includes\database.php on line 10
[11-Nov-2025 17:53:12 UTC] PHP Fatal error:  Uncaught mysqli_sql_exception: Host 'localhost' is not allowed to connect to this MariaDB server in C:\xampp2\htdocs\dragonstone\includes\database.php:10
Stack trace:
#0 C:\xampp2\htdocs\dragonstone\includes\database.php(10): mysqli->__construct('localhost', 'root', '', 'dragonstone_db')
#1 C:\xampp2\htdocs\dragonstone\products.php(10): getDatabaseConnection()
#2 {main}
  thrown in C:\xampp2\htdocs\dragonstone\includes\database.php on line 10
[11-Nov-2025 18:16:22 UTC] PHP Fatal error:  Uncaught mysqli_sql_exception: No connection could be made because the target machine actively refused it in C:\xampp2\htdocs\dragonstone\includes\database.php:10
Stack trace:
#0 C:\xampp2\htdocs\dragonstone\includes\database.php(10): mysqli->__construct('localhost', 'root', '', 'dragonstone_db')
#1 C:\xampp2\htdocs\dragonstone\products.php(10): getDatabaseConnection()
#2 {main}
  thrown in C:\xampp2\htdocs\dragonstone\includes\database.php on line 10
[11-Nov-2025 18:17:23 UTC] PHP Fatal error:  Uncaught mysqli_sql_exception: Host 'localhost' is not allowed to connect to this MariaDB server in C:\xampp2\htdocs\dragonstone\includes\database.php:10
Stack trace:
#0 C:\xampp2\htdocs\dragonstone\includes\database.php(10): mysqli->__construct('localhost', 'root', '', 'dragonstone_db')
#1 C:\xampp2\htdocs\dragonstone\products.php(10): getDatabaseConnection()
#2 {main}
  thrown in C:\xampp2\htdocs\dragonstone\includes\database.php on line 10
[11-Nov-2025 18:23:50 UTC] PHP Fatal error:  Uncaught mysqli_sql_exception: Host 'localhost' is not allowed to connect to this MariaDB server in C:\xampp2\htdocs\dragonstone\includes\database.php:10
Stack trace:
#0 C:\xampp2\htdocs\dragonstone\includes\database.php(10): mysqli->__construct('localhost', 'root', '', 'dragonstone_db')
#1 C:\xampp2\htdocs\dragonstone\products.php(10): getDatabaseConnection()
#2 {main}
  thrown in C:\xampp2\htdocs\dragonstone\includes\database.php on line 10
[11-Nov-2025 18:24:06 UTC] PHP Fatal error:  Uncaught mysqli_sql_exception: Host 'localhost' is not allowed to connect to this MariaDB server in C:\xampp2\htdocs\dragonstone\includes\database.php:10
Stack trace:
#0 C:\xampp2\htdocs\dragonstone\includes\database.php(10): mysqli->__construct('localhost', 'root', '', 'dragonstone_db')
#1 C:\xampp2\htdocs\dragonstone\community.php(5): getDatabaseConnection()
#2 {main}
  thrown in C:\xampp2\htdocs\dragonstone\includes\database.php on line 10
